

Started GET "/messages" for 10.10.1.92 at 2018-10-07 20:49:04 +0000
  [1m[36mActiveRecord::SchemaMigration Load (0.1ms)[0m  [1mSELECT "schema_migrations".* FROM "schema_migrations"[0m
Processing by MessagesController#index as HTML
  [1m[35mMessage Load (0.1ms)[0m  SELECT "messages".* FROM "messages"
  Rendered messages/index.html.erb within layouts/application (3.9ms)
Completed 200 OK in 719ms (Views: 710.5ms | ActiveRecord: 0.3ms)


Started GET "/communication.js" for 10.10.1.92 at 2018-10-07 20:49:05 +0000

ActionController::RoutingError (No route matches [GET] "/communication.js"):
  actionpack (4.1.1) lib/action_dispatch/middleware/debug_exceptions.rb:21:in `call'
  actionpack (4.1.1) lib/action_dispatch/middleware/show_exceptions.rb:30:in `call'
  railties (4.1.1) lib/rails/rack/logger.rb:38:in `call_app'
  railties (4.1.1) lib/rails/rack/logger.rb:20:in `block in call'
  activesupport (4.1.1) lib/active_support/tagged_logging.rb:68:in `block in tagged'
  activesupport (4.1.1) lib/active_support/tagged_logging.rb:26:in `tagged'
  activesupport (4.1.1) lib/active_support/tagged_logging.rb:68:in `tagged'
  railties (4.1.1) lib/rails/rack/logger.rb:20:in `call'
  actionpack (4.1.1) lib/action_dispatch/middleware/request_id.rb:21:in `call'
  rack (1.5.2) lib/rack/methodoverride.rb:21:in `call'
  rack (1.5.2) lib/rack/runtime.rb:17:in `call'
  activesupport (4.1.1) lib/active_support/cache/strategy/local_cache_middleware.rb:26:in `call'
  rack (1.5.2) lib/rack/lock.rb:17:in `call'
  actionpack (4.1.1) lib/action_dispatch/middleware/static.rb:64:in `call'
  rack (1.5.2) lib/rack/sendfile.rb:112:in `call'
  railties (4.1.1) lib/rails/engine.rb:514:in `call'
  railties (4.1.1) lib/rails/application.rb:144:in `call'
  rack (1.5.2) lib/rack/lock.rb:17:in `call'
  rack (1.5.2) lib/rack/content_length.rb:14:in `call'
  rack (1.5.2) lib/rack/handler/webrick.rb:60:in `service'
  /usr/lib/ruby/2.3.0/webrick/httpserver.rb:140:in `service'
  /usr/lib/ruby/2.3.0/webrick/httpserver.rb:96:in `run'
  /usr/lib/ruby/2.3.0/webrick/server.rb:296:in `block in start_thread'


  Rendered /home/ccuser/.gem/ruby/2.3.0/gems/actionpack-4.1.1/lib/action_dispatch/middleware/templates/rescues/_trace.html.erb (0.8ms)
  Rendered /home/ccuser/.gem/ruby/2.3.0/gems/actionpack-4.1.1/lib/action_dispatch/middleware/templates/routes/_route.html.erb (0.6ms)
  Rendered /home/ccuser/.gem/ruby/2.3.0/gems/actionpack-4.1.1/lib/action_dispatch/middleware/templates/routes/_table.html.erb (4.0ms)
  Rendered /home/ccuser/.gem/ruby/2.3.0/gems/actionpack-4.1.1/lib/action_dispatch/middleware/templates/rescues/routing_error.html.erb within rescues/layout (15.3ms)


Started GET "/assets/jquery_ujs.js?body=1" for 10.10.1.107 at 2018-10-07 20:49:06 +0000


Started GET "/assets/messages.css?body=1" for 10.10.1.254 at 2018-10-07 20:49:06 +0000


Started GET "/assets/messages.js?body=1" for 10.10.1.254 at 2018-10-07 20:49:06 +0000


Started GET "/assets/communication.js?body=1" for 10.10.1.107 at 2018-10-07 20:49:06 +0000


Started GET "/assets/jquery.js?body=1" for 10.10.1.174 at 2018-10-07 20:49:07 +0000


Started GET "/assets/turbolinks.js?body=1" for 10.10.1.102 at 2018-10-07 20:49:07 +0000


Started GET "/assets/application.js?body=1" for 10.10.1.254 at 2018-10-07 20:49:07 +0000


Started GET "/assets/application.css?body=1" for 10.10.1.102 at 2018-10-07 20:49:13 +0000


Started GET "/communication.js" for 10.10.1.102 at 2018-10-07 20:49:16 +0000

ActionController::RoutingError (No route matches [GET] "/communication.js"):
  actionpack (4.1.1) lib/action_dispatch/middleware/debug_exceptions.rb:21:in `call'
  actionpack (4.1.1) lib/action_dispatch/middleware/show_exceptions.rb:30:in `call'
  railties (4.1.1) lib/rails/rack/logger.rb:38:in `call_app'
  railties (4.1.1) lib/rails/rack/logger.rb:20:in `block in call'
  activesupport (4.1.1) lib/active_support/tagged_logging.rb:68:in `block in tagged'
  activesupport (4.1.1) lib/active_support/tagged_logging.rb:26:in `tagged'
  activesupport (4.1.1) lib/active_support/tagged_logging.rb:68:in `tagged'
  railties (4.1.1) lib/rails/rack/logger.rb:20:in `call'
  actionpack (4.1.1) lib/action_dispatch/middleware/request_id.rb:21:in `call'
  rack (1.5.2) lib/rack/methodoverride.rb:21:in `call'
  rack (1.5.2) lib/rack/runtime.rb:17:in `call'
  activesupport (4.1.1) lib/active_support/cache/strategy/local_cache_middleware.rb:26:in `call'
  rack (1.5.2) lib/rack/lock.rb:17:in `call'
  actionpack (4.1.1) lib/action_dispatch/middleware/static.rb:64:in `call'
  rack (1.5.2) lib/rack/sendfile.rb:112:in `call'
  railties (4.1.1) lib/rails/engine.rb:514:in `call'
  railties (4.1.1) lib/rails/application.rb:144:in `call'
  rack (1.5.2) lib/rack/lock.rb:17:in `call'
  rack (1.5.2) lib/rack/content_length.rb:14:in `call'
  rack (1.5.2) lib/rack/handler/webrick.rb:60:in `service'
  /usr/lib/ruby/2.3.0/webrick/httpserver.rb:140:in `service'
  /usr/lib/ruby/2.3.0/webrick/httpserver.rb:96:in `run'
  /usr/lib/ruby/2.3.0/webrick/server.rb:296:in `block in start_thread'


  Rendered /home/ccuser/.gem/ruby/2.3.0/gems/actionpack-4.1.1/lib/action_dispatch/middleware/templates/rescues/_trace.html.erb (0.8ms)
  Rendered /home/ccuser/.gem/ruby/2.3.0/gems/actionpack-4.1.1/lib/action_dispatch/middleware/templates/routes/_route.html.erb (0.6ms)
  Rendered /home/ccuser/.gem/ruby/2.3.0/gems/actionpack-4.1.1/lib/action_dispatch/middleware/templates/routes/_table.html.erb (0.9ms)
  Rendered /home/ccuser/.gem/ruby/2.3.0/gems/actionpack-4.1.1/lib/action_dispatch/middleware/templates/rescues/routing_error.html.erb within rescues/layout (10.5ms)


Started GET "/messages" for 10.10.1.102 at 2018-10-07 20:49:35 +0000
Processing by MessagesController#index as HTML
  [1m[36mMessage Load (0.2ms)[0m  [1mSELECT "messages".* FROM "messages"[0m
  Rendered messages/index.html.erb within layouts/application (0.9ms)
Completed 200 OK in 25ms (Views: 24.7ms | ActiveRecord: 0.2ms)


Started GET "/assets/messages.css?body=1" for 10.10.1.102 at 2018-10-07 20:49:36 +0000


Started GET "/assets/jquery_ujs.js?body=1" for 10.10.1.174 at 2018-10-07 20:49:36 +0000


Started GET "/assets/jquery.js?body=1" for 10.10.1.92 at 2018-10-07 20:49:36 +0000


Started GET "/assets/application.css?body=1" for 10.10.1.254 at 2018-10-07 20:49:36 +0000


Started GET "/assets/turbolinks.js?body=1" for 10.10.1.107 at 2018-10-07 20:49:36 +0000


Started GET "/assets/communication.js?body=1" for 10.10.1.102 at 2018-10-07 20:49:36 +0000


Started GET "/assets/messages.js?body=1" for 10.10.1.174 at 2018-10-07 20:49:36 +0000


Started GET "/communication.js" for 10.10.1.92 at 2018-10-07 20:49:36 +0000

ActionController::RoutingError (No route matches [GET] "/communication.js"):
  actionpack (4.1.1) lib/action_dispatch/middleware/debug_exceptions.rb:21:in `call'
  actionpack (4.1.1) lib/action_dispatch/middleware/show_exceptions.rb:30:in `call'
  railties (4.1.1) lib/rails/rack/logger.rb:38:in `call_app'
  railties (4.1.1) lib/rails/rack/logger.rb:20:in `block in call'
  activesupport (4.1.1) lib/active_support/tagged_logging.rb:68:in `block in tagged'
  activesupport (4.1.1) lib/active_support/tagged_logging.rb:26:in `tagged'
  activesupport (4.1.1) lib/active_support/tagged_logging.rb:68:in `tagged'
  railties (4.1.1) lib/rails/rack/logger.rb:20:in `call'
  actionpack (4.1.1) lib/action_dispatch/middleware/request_id.rb:21:in `call'
  rack (1.5.2) lib/rack/methodoverride.rb:21:in `call'
  rack (1.5.2) lib/rack/runtime.rb:17:in `call'
  activesupport (4.1.1) lib/active_support/cache/strategy/local_cache_middleware.rb:26:in `call'
  rack (1.5.2) lib/rack/lock.rb:17:in `call'
  actionpack (4.1.1) lib/action_dispatch/middleware/static.rb:64:in `call'
  rack (1.5.2) lib/rack/sendfile.rb:112:in `call'
  railties (4.1.1) lib/rails/engine.rb:514:in `call'
  railties (4.1.1) lib/rails/application.rb:144:in `call'
  rack (1.5.2) lib/rack/lock.rb:17:in `call'
  rack (1.5.2) lib/rack/content_length.rb:14:in `call'
  rack (1.5.2) lib/rack/handler/webrick.rb:60:in `service'
  /usr/lib/ruby/2.3.0/webrick/httpserver.rb:140:in `service'
  /usr/lib/ruby/2.3.0/webrick/httpserver.rb:96:in `run'
  /usr/lib/ruby/2.3.0/webrick/server.rb:296:in `block in start_thread'


  Rendered /home/ccuser/.gem/ruby/2.3.0/gems/actionpack-4.1.1/lib/action_dispatch/middleware/templates/rescues/_trace.html.erb (0.8ms)
  Rendered /home/ccuser/.gem/ruby/2.3.0/gems/actionpack-4.1.1/lib/action_dispatch/middleware/templates/routes/_route.html.erb (0.7ms)
  Rendered /home/ccuser/.gem/ruby/2.3.0/gems/actionpack-4.1.1/lib/action_dispatch/middleware/templates/routes/_table.html.erb (0.8ms)
  Rendered /home/ccuser/.gem/ruby/2.3.0/gems/actionpack-4.1.1/lib/action_dispatch/middleware/templates/rescues/routing_error.html.erb within rescues/layout (11.9ms)


Started GET "/assets/application.js?body=1" for 10.10.1.107 at 2018-10-07 20:49:36 +0000


Started GET "/messages/new" for 10.10.1.107 at 2018-10-07 20:54:05 +0000
Processing by MessagesController#new as HTML
  Rendered messages/new.html.erb within layouts/application (12.1ms)
Completed 200 OK in 40ms (Views: 40.0ms | ActiveRecord: 0.0ms)


Started GET "/messages/new" for 10.10.1.92 at 2018-10-07 20:54:06 +0000
Processing by MessagesController#new as HTML
  Rendered messages/new.html.erb within layouts/application (1.0ms)
Completed 200 OK in 29ms (Views: 28.9ms | ActiveRecord: 0.0ms)


Started GET "/messages/new" for 10.10.1.92 at 2018-10-07 20:54:06 +0000
Processing by MessagesController#new as HTML
  Rendered messages/new.html.erb within layouts/application (1.2ms)
Completed 200 OK in 21ms (Views: 21.1ms | ActiveRecord: 0.0ms)


Started GET "/assets/messages.css?body=1" for 10.10.1.92 at 2018-10-07 20:54:07 +0000


Started GET "/assets/application.css?body=1" for 10.10.1.92 at 2018-10-07 20:54:07 +0000


Started GET "/assets/jquery.js?body=1" for 10.10.1.254 at 2018-10-07 20:54:08 +0000


Started GET "/assets/jquery_ujs.js?body=1" for 10.10.1.92 at 2018-10-07 20:54:08 +0000


Started GET "/assets/turbolinks.js?body=1" for 10.10.1.174 at 2018-10-07 20:54:08 +0000


Started GET "/assets/communication.js?body=1" for 10.10.1.92 at 2018-10-07 20:54:08 +0000


Started GET "/assets/messages.js?body=1" for 10.10.1.102 at 2018-10-07 20:54:08 +0000


Started GET "/assets/application.js?body=1" for 10.10.1.254 at 2018-10-07 20:54:08 +0000


Started GET "/messages/communication.js" for 10.10.1.92 at 2018-10-07 20:54:08 +0000

ActionController::RoutingError (No route matches [GET] "/messages/communication.js"):
  actionpack (4.1.1) lib/action_dispatch/middleware/debug_exceptions.rb:21:in `call'
  actionpack (4.1.1) lib/action_dispatch/middleware/show_exceptions.rb:30:in `call'
  railties (4.1.1) lib/rails/rack/logger.rb:38:in `call_app'
  railties (4.1.1) lib/rails/rack/logger.rb:20:in `block in call'
  activesupport (4.1.1) lib/active_support/tagged_logging.rb:68:in `block in tagged'
  activesupport (4.1.1) lib/active_support/tagged_logging.rb:26:in `tagged'
  activesupport (4.1.1) lib/active_support/tagged_logging.rb:68:in `tagged'
  railties (4.1.1) lib/rails/rack/logger.rb:20:in `call'
  actionpack (4.1.1) lib/action_dispatch/middleware/request_id.rb:21:in `call'
  rack (1.5.2) lib/rack/methodoverride.rb:21:in `call'
  rack (1.5.2) lib/rack/runtime.rb:17:in `call'
  activesupport (4.1.1) lib/active_support/cache/strategy/local_cache_middleware.rb:26:in `call'
  rack (1.5.2) lib/rack/lock.rb:17:in `call'
  actionpack (4.1.1) lib/action_dispatch/middleware/static.rb:64:in `call'
  rack (1.5.2) lib/rack/sendfile.rb:112:in `call'
  railties (4.1.1) lib/rails/engine.rb:514:in `call'
  railties (4.1.1) lib/rails/application.rb:144:in `call'
  rack (1.5.2) lib/rack/lock.rb:17:in `call'
  rack (1.5.2) lib/rack/content_length.rb:14:in `call'
  rack (1.5.2) lib/rack/handler/webrick.rb:60:in `service'
  /usr/lib/ruby/2.3.0/webrick/httpserver.rb:140:in `service'
  /usr/lib/ruby/2.3.0/webrick/httpserver.rb:96:in `run'
  /usr/lib/ruby/2.3.0/webrick/server.rb:296:in `block in start_thread'


  Rendered /home/ccuser/.gem/ruby/2.3.0/gems/actionpack-4.1.1/lib/action_dispatch/middleware/templates/rescues/_trace.html.erb (0.8ms)
  Rendered /home/ccuser/.gem/ruby/2.3.0/gems/actionpack-4.1.1/lib/action_dispatch/middleware/templates/routes/_route.html.erb (0.6ms)
  Rendered /home/ccuser/.gem/ruby/2.3.0/gems/actionpack-4.1.1/lib/action_dispatch/middleware/templates/routes/_table.html.erb (0.9ms)
  Rendered /home/ccuser/.gem/ruby/2.3.0/gems/actionpack-4.1.1/lib/action_dispatch/middleware/templates/rescues/routing_error.html.erb within rescues/layout (10.9ms)


Started POST "/messages" for 10.10.1.92 at 2018-10-07 20:54:18 +0000
Processing by MessagesController#create as HTML
  Parameters: {"utf8"=>"✓", "authenticity_token"=>"oRZp8bCQ88lW9+fjPiv/ke6bDjF5qRkhwDFqrf4qZEk=", "message"=>{"content"=>"Hmm !! Such coding rules. Fuck fucxk !"}, "commit"=>"Create"}
  [1m[35m (0.1ms)[0m  begin transaction
  [1m[36mSQL (0.3ms)[0m  [1mINSERT INTO "messages" ("content", "created_at", "updated_at") VALUES (?, ?, ?)[0m  [["content", "Hmm !! Such coding rules. Fuck fucxk !"], ["created_at", "2018-10-07 20:54:18.343085"], ["updated_at", "2018-10-07 20:54:18.343085"]]
  [1m[35m (3.1ms)[0m  commit transaction
Redirected to http://o768dsb3cu83u50j83ui6qo8u06j3dqflqb3rnqsogt9cne6icg0.cc-propeller.cloud/messages
Completed 302 Found in 7ms (ActiveRecord: 3.5ms)


Started POST "/messages" for 10.10.1.92 at 2018-10-07 20:54:29 +0000
Processing by MessagesController#create as HTML
  Parameters: {"utf8"=>"✓", "authenticity_token"=>"oRZp8bCQ88lW9+fjPiv/ke6bDjF5qRkhwDFqrf4qZEk=", "message"=>{"content"=>"Hmm !! Such coding rules. Fuck fucxk !"}, "commit"=>"Create"}
  [1m[36m (0.1ms)[0m  [1mbegin transaction[0m
  [1m[35mSQL (0.2ms)[0m  INSERT INTO "messages" ("content", "created_at", "updated_at") VALUES (?, ?, ?)  [["content", "Hmm !! Such coding rules. Fuck fucxk !"], ["created_at", "2018-10-07 20:54:29.252259"], ["updated_at", "2018-10-07 20:54:29.252259"]]
  [1m[36m (3.5ms)[0m  [1mcommit transaction[0m
Redirected to http://o768dsb3cu83u50j83ui6qo8u06j3dqflqb3rnqsogt9cne6icg0.cc-propeller.cloud/messages
Completed 302 Found in 6ms (ActiveRecord: 3.8ms)


Started GET "/messages" for 10.10.1.102 at 2018-10-07 21:00:06 +0000
Processing by MessagesController#index as HTML
  [1m[35mMessage Load (0.2ms)[0m  SELECT "messages".* FROM "messages"
  Rendered messages/index.html.erb within layouts/application (1.0ms)
Completed 200 OK in 23ms (Views: 22.1ms | ActiveRecord: 0.2ms)


Started GET "/assets/messages.css?body=1" for 10.10.1.102 at 2018-10-07 21:00:06 +0000


Started GET "/assets/application.css?body=1" for 10.10.1.102 at 2018-10-07 21:00:06 +0000


Started GET "/assets/jquery.js?body=1" for 10.10.1.102 at 2018-10-07 21:00:07 +0000


Started GET "/assets/jquery_ujs.js?body=1" for 10.10.1.107 at 2018-10-07 21:00:07 +0000


Started GET "/assets/turbolinks.js?body=1" for 10.10.1.254 at 2018-10-07 21:00:07 +0000


Started GET "/assets/messages.js?body=1" for 10.10.1.102 at 2018-10-07 21:00:07 +0000


Started GET "/assets/communication.js?body=1" for 10.10.1.92 at 2018-10-07 21:00:07 +0000


Started GET "/communication.js" for 10.10.1.174 at 2018-10-07 21:00:07 +0000

ActionController::RoutingError (No route matches [GET] "/communication.js"):
  actionpack (4.1.1) lib/action_dispatch/middleware/debug_exceptions.rb:21:in `call'
  actionpack (4.1.1) lib/action_dispatch/middleware/show_exceptions.rb:30:in `call'
  railties (4.1.1) lib/rails/rack/logger.rb:38:in `call_app'
  railties (4.1.1) lib/rails/rack/logger.rb:20:in `block in call'
  activesupport (4.1.1) lib/active_support/tagged_logging.rb:68:in `block in tagged'
  activesupport (4.1.1) lib/active_support/tagged_logging.rb:26:in `tagged'
  activesupport (4.1.1) lib/active_support/tagged_logging.rb:68:in `tagged'
  railties (4.1.1) lib/rails/rack/logger.rb:20:in `call'
  actionpack (4.1.1) lib/action_dispatch/middleware/request_id.rb:21:in `call'
  rack (1.5.2) lib/rack/methodoverride.rb:21:in `call'
  rack (1.5.2) lib/rack/runtime.rb:17:in `call'
  activesupport (4.1.1) lib/active_support/cache/strategy/local_cache_middleware.rb:26:in `call'
  rack (1.5.2) lib/rack/lock.rb:17:in `call'
  actionpack (4.1.1) lib/action_dispatch/middleware/static.rb:64:in `call'
  rack (1.5.2) lib/rack/sendfile.rb:112:in `call'
  railties (4.1.1) lib/rails/engine.rb:514:in `call'
  railties (4.1.1) lib/rails/application.rb:144:in `call'
  rack (1.5.2) lib/rack/lock.rb:17:in `call'
  rack (1.5.2) lib/rack/content_length.rb:14:in `call'
  rack (1.5.2) lib/rack/handler/webrick.rb:60:in `service'
  /usr/lib/ruby/2.3.0/webrick/httpserver.rb:140:in `service'
  /usr/lib/ruby/2.3.0/webrick/httpserver.rb:96:in `run'
  /usr/lib/ruby/2.3.0/webrick/server.rb:296:in `block in start_thread'


  Rendered /home/ccuser/.gem/ruby/2.3.0/gems/actionpack-4.1.1/lib/action_dispatch/middleware/templates/rescues/_trace.html.erb (0.9ms)
  Rendered /home/ccuser/.gem/ruby/2.3.0/gems/actionpack-4.1.1/lib/action_dispatch/middleware/templates/routes/_route.html.erb (0.6ms)
  Rendered /home/ccuser/.gem/ruby/2.3.0/gems/actionpack-4.1.1/lib/action_dispatch/middleware/templates/routes/_table.html.erb (0.8ms)
  Rendered /home/ccuser/.gem/ruby/2.3.0/gems/actionpack-4.1.1/lib/action_dispatch/middleware/templates/rescues/routing_error.html.erb within rescues/layout (10.6ms)


Started GET "/assets/application.js?body=1" for 10.10.1.102 at 2018-10-07 21:00:07 +0000


Started GET "/messages" for 10.10.1.102 at 2018-10-07 21:00:07 +0000
Processing by MessagesController#index as HTML
  [1m[36mMessage Load (0.1ms)[0m  [1mSELECT "messages".* FROM "messages"[0m
  Rendered messages/index.html.erb within layouts/application (0.9ms)
Completed 200 OK in 26ms (Views: 25.0ms | ActiveRecord: 0.1ms)


Started GET "/assets/messages.css?body=1" for 10.10.1.102 at 2018-10-07 21:00:08 +0000


Started GET "/assets/jquery.js?body=1" for 10.10.1.102 at 2018-10-07 21:00:08 +0000


Started GET "/assets/jquery_ujs.js?body=1" for 10.10.1.254 at 2018-10-07 21:00:08 +0000


Started GET "/assets/application.css?body=1" for 10.10.1.92 at 2018-10-07 21:00:08 +0000


Started GET "/assets/turbolinks.js?body=1" for 10.10.1.107 at 2018-10-07 21:00:08 +0000


Started GET "/assets/communication.js?body=1" for 10.10.1.102 at 2018-10-07 21:00:08 +0000


Started GET "/communication.js" for 10.10.1.102 at 2018-10-07 21:00:08 +0000

ActionController::RoutingError (No route matches [GET] "/communication.js"):
  actionpack (4.1.1) lib/action_dispatch/middleware/debug_exceptions.rb:21:in `call'
  actionpack (4.1.1) lib/action_dispatch/middleware/show_exceptions.rb:30:in `call'
  railties (4.1.1) lib/rails/rack/logger.rb:38:in `call_app'
  railties (4.1.1) lib/rails/rack/logger.rb:20:in `block in call'
  activesupport (4.1.1) lib/active_support/tagged_logging.rb:68:in `block in tagged'
  activesupport (4.1.1) lib/active_support/tagged_logging.rb:26:in `tagged'
  activesupport (4.1.1) lib/active_support/tagged_logging.rb:68:in `tagged'
  railties (4.1.1) lib/rails/rack/logger.rb:20:in `call'
  actionpack (4.1.1) lib/action_dispatch/middleware/request_id.rb:21:in `call'
  rack (1.5.2) lib/rack/methodoverride.rb:21:in `call'
  rack (1.5.2) lib/rack/runtime.rb:17:in `call'
  activesupport (4.1.1) lib/active_support/cache/strategy/local_cache_middleware.rb:26:in `call'
  rack (1.5.2) lib/rack/lock.rb:17:in `call'
  actionpack (4.1.1) lib/action_dispatch/middleware/static.rb:64:in `call'
  rack (1.5.2) lib/rack/sendfile.rb:112:in `call'
  railties (4.1.1) lib/rails/engine.rb:514:in `call'
  railties (4.1.1) lib/rails/application.rb:144:in `call'
  rack (1.5.2) lib/rack/lock.rb:17:in `call'
  rack (1.5.2) lib/rack/content_length.rb:14:in `call'
  rack (1.5.2) lib/rack/handler/webrick.rb:60:in `service'
  /usr/lib/ruby/2.3.0/webrick/httpserver.rb:140:in `service'
  /usr/lib/ruby/2.3.0/webrick/httpserver.rb:96:in `run'
  /usr/lib/ruby/2.3.0/webrick/server.rb:296:in `block in start_thread'


  Rendered /home/ccuser/.gem/ruby/2.3.0/gems/actionpack-4.1.1/lib/action_dispatch/middleware/templates/rescues/_trace.html.erb (0.7ms)
  Rendered /home/ccuser/.gem/ruby/2.3.0/gems/actionpack-4.1.1/lib/action_dispatch/middleware/templates/routes/_route.html.erb (0.7ms)
  Rendered /home/ccuser/.gem/ruby/2.3.0/gems/actionpack-4.1.1/lib/action_dispatch/middleware/templates/routes/_table.html.erb (0.8ms)
  Rendered /home/ccuser/.gem/ruby/2.3.0/gems/actionpack-4.1.1/lib/action_dispatch/middleware/templates/rescues/routing_error.html.erb within rescues/layout (12.8ms)


Started GET "/assets/messages.js?body=1" for 10.10.1.254 at 2018-10-07 21:00:08 +0000


Started GET "/assets/application.js?body=1" for 10.10.1.92 at 2018-10-07 21:00:08 +0000


Started GET "/communication.js" for 10.10.1.102 at 2018-10-07 21:00:08 +0000

ActionController::RoutingError (No route matches [GET] "/communication.js"):
  actionpack (4.1.1) lib/action_dispatch/middleware/debug_exceptions.rb:21:in `call'
  actionpack (4.1.1) lib/action_dispatch/middleware/show_exceptions.rb:30:in `call'
  railties (4.1.1) lib/rails/rack/logger.rb:38:in `call_app'
  railties (4.1.1) lib/rails/rack/logger.rb:20:in `block in call'
  activesupport (4.1.1) lib/active_support/tagged_logging.rb:68:in `block in tagged'
  activesupport (4.1.1) lib/active_support/tagged_logging.rb:26:in `tagged'
  activesupport (4.1.1) lib/active_support/tagged_logging.rb:68:in `tagged'
  railties (4.1.1) lib/rails/rack/logger.rb:20:in `call'
  actionpack (4.1.1) lib/action_dispatch/middleware/request_id.rb:21:in `call'
  rack (1.5.2) lib/rack/methodoverride.rb:21:in `call'
  rack (1.5.2) lib/rack/runtime.rb:17:in `call'
  activesupport (4.1.1) lib/active_support/cache/strategy/local_cache_middleware.rb:26:in `call'
  rack (1.5.2) lib/rack/lock.rb:17:in `call'
  actionpack (4.1.1) lib/action_dispatch/middleware/static.rb:64:in `call'
  rack (1.5.2) lib/rack/sendfile.rb:112:in `call'
  railties (4.1.1) lib/rails/engine.rb:514:in `call'
  railties (4.1.1) lib/rails/application.rb:144:in `call'
  rack (1.5.2) lib/rack/lock.rb:17:in `call'
  rack (1.5.2) lib/rack/content_length.rb:14:in `call'
  rack (1.5.2) lib/rack/handler/webrick.rb:60:in `service'
  /usr/lib/ruby/2.3.0/webrick/httpserver.rb:140:in `service'
  /usr/lib/ruby/2.3.0/webrick/httpserver.rb:96:in `run'
  /usr/lib/ruby/2.3.0/webrick/server.rb:296:in `block in start_thread'


  Rendered /home/ccuser/.gem/ruby/2.3.0/gems/actionpack-4.1.1/lib/action_dispatch/middleware/templates/rescues/_trace.html.erb (0.8ms)
  Rendered /home/ccuser/.gem/ruby/2.3.0/gems/actionpack-4.1.1/lib/action_dispatch/middleware/templates/routes/_route.html.erb (0.6ms)
  Rendered /home/ccuser/.gem/ruby/2.3.0/gems/actionpack-4.1.1/lib/action_dispatch/middleware/templates/routes/_table.html.erb (0.8ms)
  Rendered /home/ccuser/.gem/ruby/2.3.0/gems/actionpack-4.1.1/lib/action_dispatch/middleware/templates/rescues/routing_error.html.erb within rescues/layout (10.5ms)
